<?xml version="1.0" encoding="UTF-8"?>
<testsuite xmlns:xsi="http://www.w3.org/2001/XMLSchema-instance" xsi:noNamespaceSchemaLocation="https://maven.apache.org/surefire/maven-surefire-plugin/xsd/surefire-test-report.xsd" version="3.0.2" name="com.forgeauth.server.AuthIntegrationTest" time="32.215" tests="4" errors="0" skipped="0" failures="0">
  <properties>
[...]
</properties>
  <testcase name="testAccountLockout" classname="com.forgeauth.server.AuthIntegrationTest" time="5.624">
    <system-out><![CDATA[21:45:38.193 [main] INFO org.springframework.test.context.support.AnnotationConfigContextLoaderUtils -- Could not detect default configuration classes for test class [com.forgeauth.server.AuthIntegrationTest]: AuthIntegrationTest does not declare any static, non-private, non-final, nested classes annotated with @Configuration.
21:45:38.558 [main] INFO org.springframework.boot.test.context.SpringBootTestContextBootstrapper -- Found @SpringBootConfiguration com.forgeauth.server.ForgeAuthApplication for test class com.forgeauth.server.AuthIntegrationTest
21:45:38.954 [main] INFO org.testcontainers.images.PullPolicy -- Image pull policy will be performed by: DefaultPullPolicy()
21:45:38.962 [main] INFO org.testcontainers.utility.ImageNameSubstitutor -- Image name substitution will be performed by: DefaultImageNameSubstitutor (composite of 'ConfigurationFileImageNameSubstitutor' and 'PrefixingImageNameSubstitutor')
21:45:39.458 [main] INFO org.testcontainers.dockerclient.DockerMachineClientProviderStrategy -- docker-machine executable was not found on PATH ([C:\Program Files\Eclipse Adoptium\jdk-17.0.17.10-hotspot\bin, C:/Users/ganuk/.gemini/antigravity/bin, C:\Users\ganuk\AppData\Roaming\Antigravity\bin, C:\Program Files\Java\jdk-25\bin, c:\Users\ganuk\AppData\Local\Programs\cursor\resources\app\bin, c:\Users\ganuk\AppData\Local\Programs\cursor\resources\app\bin, c:\Users\ganuk\AppData\Local\Programs\cursor\resources\app\bin, C:\windows\system32, C:\windows, C:\windows\System32\Wbem, C:\windows\System32\WindowsPowerShell\v1.0\, C:\windows\System32\OpenSSH\, C:\Program Files (x86)\NVIDIA Corporation\PhysX\Common, C:\Program Files\NVIDIA Corporation\NVIDIA NvDLISR, C:\WINDOWS\system32, C:\WINDOWS, C:\WINDOWS\System32\Wbem, C:\WINDOWS\System32\WindowsPowerShell\v1.0\, C:\WINDOWS\System32\OpenSSH\, c:\Users\ganuk\AppData\Local\Programs\cursor\resources\app\bin, C:\ProgramData\chocolatey\bin, C:\Users\ganuk\AppData\Local\Microsoft\WindowsApps, C:\Users\ganuk\AppData\Roaming\npm, C:\Users\ganuk\AppData\Local\Programs\Ollama, c:\Users\ganuk\AppData\Local\Programs\cursor\resources\app\bin, C:\Users\ganuk\AppData\Local\Microsoft\WindowsApps, C:\Users\ganuk\AppData\R, C:\Program Files\Git\cmd, C:\Program Files\Git\bin, C:\Users\ganuk\AppData\Local\Android\Sdk\platform-tools, C:\Users\ganuk\AppData\Local\Android\Sdk\cmdline-tools\latest\bin, C:\Program Files\nodejs, C:\Program Files\dotnet\, C:\Program Files\MongoDB\mongosh-2.5.9-win32-x64\bin, C:\ProgramData\chocolatey\lib\maven\apache-maven-3.9.12\bin, C:\Program Files\Java\jdk-25\bin, C:\Program Files\Cloudflare\Cloudflare WARP\, C:\Users\ganuk\AppData\Local\Microsoft\WindowsApps, C:\Users\ganuk\AppData\Local\Programs\Ollama, C:\Users\ganuk\AppData\Local\Programs\Microsoft VS Code\bin, C:\flutter\bin, C:\Users\ganuk\AppData\Roaming\npm, C:\Users\ganuk\.dotnet\tools, C:\Users\ganuk\AppData\Local\Programs\Antigravity\bin, C:\Users\ganuk\AppData\Local\Programs\cursor\resources\app\bin, C:\Users\ganuk\AppData\Local\Programs\Antigravity IDE\bin])
21:45:39.461 [main] ERROR org.testcontainers.dockerclient.DockerClientProviderStrategy -- Could not find a valid Docker environment. Please check configuration. Attempted configurations were:
As no valid configuration was found, execution cannot continue.
See https://java.testcontainers.org/on_failure.html for more details.
Adapted Flyway migration V1__init.sql for H2 compatibility.
Adapted Flyway migration V2__oauth.sql for H2 compatibility.
Adapted Flyway migration V3__oauth2_registered_client.sql for H2 compatibility.
21:45:39.591 [main] INFO org.springframework.boot.devtools.restart.RestartApplicationListener -- Restart disabled due to context in which it is running

  .   ____          _            __ _ _
 /\\ / ___'_ __ _ _(_)_ __  __ _ \ \ \ \
( ( )\___ | '_ | '_| | '_ \/ _` | \ \ \ \
 \\/  ___)| |_)| | | | | || (_| |  ) ) ) )
  '  |____| .__|_| |_|_| |_\__, | / / / /
 =========|_|==============|___/=/_/_/_/

 :: Spring Boot ::                (v3.4.0)

2026-06-11T21:45:40.551+05:30  INFO 22692 --- [forgeauth-server] [           main] c.forgeauth.server.AuthIntegrationTest   : Starting AuthIntegrationTest using Java 17.0.17 with PID 22692 (started by ganuk in C:\Users\ganuk\Desktop\forgetAuth\backend\forgeauth-server)
2026-06-11T21:45:40.555+05:30  INFO 22692 --- [forgeauth-server] [           main] c.forgeauth.server.AuthIntegrationTest   : No active profile set, falling back to 1 default profile: "default"
2026-06-11T21:45:42.783+05:30  INFO 22692 --- [forgeauth-server] [           main] .s.d.r.c.RepositoryConfigurationDelegate : Multiple Spring Data modules found, entering strict repository configuration mode
2026-06-11T21:45:42.783+05:30  INFO 22692 --- [forgeauth-server] [           main] .s.d.r.c.RepositoryConfigurationDelegate : Bootstrapping Spring Data JPA repositories in DEFAULT mode.
2026-06-11T21:45:42.820+05:30  INFO 22692 --- [forgeauth-server] [           main] .i.s.PathMatchingResourcePatternResolver : Skipping search for files matching pattern [**/*.class]: directory [C:\Users\ganuk\Desktop\forgetAuth\backend\forgeauth-server\target\test-classes\com\forgeauth\infrastructure\persistence\adapter] does not exist
2026-06-11T21:45:42.821+05:30  INFO 22692 --- [forgeauth-server] [           main] .i.s.PathMatchingResourcePatternResolver : Skipping search for files matching pattern [**/*.class]: directory [C:\Users\ganuk\Desktop\forgetAuth\backend\forgeauth-server\target\classes\com\forgeauth\infrastructure\persistence\adapter] does not exist
2026-06-11T21:45:42.825+05:30  INFO 22692 --- [forgeauth-server] [           main] .i.s.PathMatchingResourcePatternResolver : Skipping search for files matching pattern [**/*.class]: directory [C:\Users\ganuk\Desktop\forgetAuth\backend\forgeauth-domain\target\classes\com\forgeauth\infrastructure\persistence\adapter] does not exist
2026-06-11T21:45:42.827+05:30  INFO 22692 --- [forgeauth-server] [           main] .i.s.PathMatchingResourcePatternResolver : Skipping search for files matching pattern [**/*.class]: directory [C:\Users\ganuk\Desktop\forgetAuth\backend\forgeauth-common\target\classes\com\forgeauth\infrastructure\persistence\adapter] does not exist
2026-06-11T21:45:43.150+05:30  INFO 22692 --- [forgeauth-server] [           main] .i.s.PathMatchingResourcePatternResolver : Skipping search for files matching pattern [**/*Impl.class]: directory [C:\Users\ganuk\Desktop\forgetAuth\backend\forgeauth-server\target\test-classes\com\forgeauth\infrastructure\persistence\adapter] does not exist
2026-06-11T21:45:43.151+05:30  INFO 22692 --- [forgeauth-server] [           main] .i.s.PathMatchingResourcePatternResolver : Skipping search for files matching pattern [**/*Impl.class]: directory [C:\Users\ganuk\Desktop\forgetAuth\backend\forgeauth-server\target\classes\com\forgeauth\infrastructure\persistence\adapter] does not exist
2026-06-11T21:45:43.153+05:30  INFO 22692 --- [forgeauth-server] [           main] .i.s.PathMatchingResourcePatternResolver : Skipping search for files matching pattern [**/*Impl.class]: directory [C:\Users\ganuk\Desktop\forgetAuth\backend\forgeauth-domain\target\classes\com\forgeauth\infrastructure\persistence\adapter] does not exist
2026-06-11T21:45:43.153+05:30  INFO 22692 --- [forgeauth-server] [           main] .i.s.PathMatchingResourcePatternResolver : Skipping search for files matching pattern [**/*Impl.class]: directory [C:\Users\ganuk\Desktop\forgetAuth\backend\forgeauth-common\target\classes\com\forgeauth\infrastructure\persistence\adapter] does not exist
2026-06-11T21:45:43.174+05:30  INFO 22692 --- [forgeauth-server] [           main] .s.d.r.c.RepositoryConfigurationDelegate : Finished Spring Data repository scanning in 364 ms. Found 2 JPA repository interfaces.
2026-06-11T21:45:44.398+05:30  INFO 22692 --- [forgeauth-server] [           main] .s.d.r.c.RepositoryConfigurationDelegate : Multiple Spring Data modules found, entering strict repository configuration mode
2026-06-11T21:45:44.401+05:30  INFO 22692 --- [forgeauth-server] [           main] .s.d.r.c.RepositoryConfigurationDelegate : Bootstrapping Spring Data Redis repositories in DEFAULT mode.
2026-06-11T21:45:44.454+05:30  INFO 22692 --- [forgeauth-server] [           main] .i.s.PathMatchingResourcePatternResolver : Skipping search for files matching pattern [**/*.class]: directory [C:\Users\ganuk\Desktop\forgetAuth\backend\forgeauth-infrastructure\target\classes\com\forgeauth\server] does not exist
2026-06-11T21:45:44.455+05:30  INFO 22692 --- [forgeauth-server] [           main] .i.s.PathMatchingResourcePatternResolver : Skipping search for files matching pattern [**/*.class]: directory [C:\Users\ganuk\Desktop\forgetAuth\backend\forgeauth-domain\target\classes\com\forgeauth\server] does not exist
2026-06-11T21:45:44.456+05:30  INFO 22692 --- [forgeauth-server] [           main] .i.s.PathMatchingResourcePatternResolver : Skipping search for files matching pattern [**/*.class]: directory [C:\Users\ganuk\Desktop\forgetAuth\backend\forgeauth-common\target\classes\com\forgeauth\server] does not exist
2026-06-11T21:45:44.462+05:30  INFO 22692 --- [forgeauth-server] [           main] .s.d.r.c.RepositoryConfigurationDelegate : Finished Spring Data repository scanning in 35 ms. Found 0 Redis repository interfaces.
2026-06-11T21:45:47.253+05:30  INFO 22692 --- [forgeauth-server] [           main] o.s.b.w.embedded.tomcat.TomcatWebServer  : Tomcat initialized with port 0 (http)
2026-06-11T21:45:47.291+05:30  INFO 22692 --- [forgeauth-server] [           main] o.apache.catalina.core.StandardService   : Starting service [Tomcat]
2026-06-11T21:45:47.292+05:30  INFO 22692 --- [forgeauth-server] [           main] o.apache.catalina.core.StandardEngine    : Starting Servlet engine: [Apache Tomcat/10.1.33]
2026-06-11T21:45:47.504+05:30  INFO 22692 --- [forgeauth-server] [           main] o.a.c.c.C.[Tomcat].[localhost].[/]       : Initializing Spring embedded WebApplicationContext
2026-06-11T21:45:47.506+05:30  INFO 22692 --- [forgeauth-server] [           main] w.s.c.ServletWebServerApplicationContext : Root WebApplicationContext: initialization completed in 6884 ms
2026-06-11T21:45:49.407+05:30  INFO 22692 --- [forgeauth-server] [           main] org.flywaydb.core.FlywayExecutor         : Database: jdbc:h2:mem:forgeauth (H2 2.3)
2026-06-11T21:45:49.420+05:30  WARN 22692 --- [forgeauth-server] [           main] o.f.c.internal.database.base.Database    : Flyway upgrade recommended: H2 2.3.232 is newer than this version of Flyway and support has not been tested. The latest supported version of H2 is 2.2.224.
2026-06-11T21:45:49.488+05:30  INFO 22692 --- [forgeauth-server] [           main] o.f.c.i.s.JdbcTableSchemaHistory         : Schema history table "public"."flyway_schema_history" does not exist yet
2026-06-11T21:45:49.494+05:30  INFO 22692 --- [forgeauth-server] [           main] o.f.core.internal.command.DbValidate     : Successfully validated 3 migrations (execution time 00:00.044s)
2026-06-11T21:45:49.522+05:30  INFO 22692 --- [forgeauth-server] [           main] o.f.c.i.s.JdbcTableSchemaHistory         : Creating Schema History table "public"."flyway_schema_history" ...
2026-06-11T21:45:49.635+05:30  INFO 22692 --- [forgeauth-server] [           main] o.f.core.internal.command.DbMigrate      : Current version of schema "public": << Empty Schema >>
2026-06-11T21:45:49.656+05:30  INFO 22692 --- [forgeauth-server] [           main] o.f.core.internal.command.DbMigrate      : Migrating schema "public" to version "1 - init"
2026-06-11T21:45:49.721+05:30  INFO 22692 --- [forgeauth-server] [           main] o.f.core.internal.command.DbMigrate      : Migrating schema "public" to version "2 - oauth"
2026-06-11T21:45:49.744+05:30  INFO 22692 --- [forgeauth-server] [           main] o.f.core.internal.command.DbMigrate      : Migrating schema "public" to version "3 - oauth2 registered client"
2026-06-11T21:45:49.764+05:30  INFO 22692 --- [forgeauth-server] [           main] o.f.core.internal.command.DbMigrate      : Successfully applied 3 migrations to schema "public", now at version v3 (execution time 00:00.040s)
2026-06-11T21:45:49.972+05:30  INFO 22692 --- [forgeauth-server] [           main] .i.s.PathMatchingResourcePatternResolver : Skipping search for files matching pattern [**/*.class]: directory [C:\Users\ganuk\Desktop\forgetAuth\backend\forgeauth-server\target\test-classes\com\forgeauth\infrastructure\persistence\entity] does not exist
2026-06-11T21:45:49.973+05:30  INFO 22692 --- [forgeauth-server] [           main] .i.s.PathMatchingResourcePatternResolver : Skipping search for files matching pattern [**/*.class]: directory [C:\Users\ganuk\Desktop\forgetAuth\backend\forgeauth-server\target\classes\com\forgeauth\infrastructure\persistence\entity] does not exist
2026-06-11T21:45:49.976+05:30  INFO 22692 --- [forgeauth-server] [           main] .i.s.PathMatchingResourcePatternResolver : Skipping search for files matching pattern [**/*.class]: directory [C:\Users\ganuk\Desktop\forgetAuth\backend\forgeauth-domain\target\classes\com\forgeauth\infrastructure\persistence\entity] does not exist
2026-06-11T21:45:49.976+05:30  INFO 22692 --- [forgeauth-server] [           main] .i.s.PathMatchingResourcePatternResolver : Skipping search for files matching pattern [**/*.class]: directory [C:\Users\ganuk\Desktop\forgetAuth\backend\forgeauth-common\target\classes\com\forgeauth\infrastructure\persistence\entity] does not exist
2026-06-11T21:45:50.120+05:30  INFO 22692 --- [forgeauth-server] [           main] o.hibernate.jpa.internal.util.LogHelper  : HHH000204: Processing PersistenceUnitInfo [name: default]
2026-06-11T21:45:50.352+05:30  INFO 22692 --- [forgeauth-server] [           main] org.hibernate.Version                    : HHH000412: Hibernate ORM core version 6.6.2.Final
2026-06-11T21:45:50.522+05:30  INFO 22692 --- [forgeauth-server] [           main] o.h.c.internal.RegionFactoryInitiator    : HHH000026: Second-level cache disabled
2026-06-11T21:45:51.546+05:30  INFO 22692 --- [forgeauth-server] [           main] o.s.o.j.p.SpringPersistenceUnitInfo      : No LoadTimeWeaver setup: ignoring JPA class transformer
2026-06-11T21:45:51.629+05:30  INFO 22692 --- [forgeauth-server] [           main] com.zaxxer.hikari.HikariDataSource       : HikariPool-1 - Starting...
2026-06-11T21:45:51.663+05:30  INFO 22692 --- [forgeauth-server] [           main] com.zaxxer.hikari.pool.HikariPool        : HikariPool-1 - Added connection conn2: url=jdbc:h2:mem:forgeauth user=SA
2026-06-11T21:45:51.666+05:30  INFO 22692 --- [forgeauth-server] [           main] com.zaxxer.hikari.HikariDataSource       : HikariPool-1 - Start completed.
2026-06-11T21:45:51.725+05:30  WARN 22692 --- [forgeauth-server] [           main] org.hibernate.orm.deprecation            : HHH90000025: H2Dialect does not need to be specified explicitly using 'hibernate.dialect' (remove the property setting and it will be selected by default)
2026-06-11T21:45:51.777+05:30  INFO 22692 --- [forgeauth-server] [           main] org.hibernate.orm.connections.pooling    : HHH10001005: Database info:
	Database JDBC URL [Connecting through datasource 'HikariDataSource (HikariPool-1)']
	Database driver: undefined/unknown
	Database version: 2.3.232
	Autocommit mode: undefined/unknown
	Isolation level: undefined/unknown
	Minimum pool size: undefined/unknown
	Maximum pool size: undefined/unknown
2026-06-11T21:45:53.918+05:30  INFO 22692 --- [forgeauth-server] [           main] o.h.e.t.j.p.i.JtaPlatformInitiator       : HHH000489: No JTA platform available (set 'hibernate.transaction.jta.platform' to enable JTA platform integration)
2026-06-11T21:45:53.925+05:30  INFO 22692 --- [forgeauth-server] [           main] j.LocalContainerEntityManagerFactoryBean : Initialized JPA EntityManagerFactory for persistence unit 'default'
2026-06-11T21:45:54.975+05:30  INFO 22692 --- [forgeauth-server] [           main] o.s.d.j.r.query.QueryEnhancerFactory     : Hibernate is in classpath; If applicable, HQL parser will be used.
2026-06-11T21:45:56.007+05:30  INFO 22692 --- [forgeauth-server] [           main] c.f.i.security.RsaKeyManager             : Loading RSA keys from C:\Users\ganuk\Desktop\forgetAuth\backend\forgeauth-server\.\forgeauth-keys.json
2026-06-11T21:45:56.280+05:30  WARN 22692 --- [forgeauth-server] [           main] JpaBaseConfiguration$JpaWebConfiguration : spring.jpa.open-in-view is enabled by default. Therefore, database queries may be performed during view rendering. Explicitly configure spring.jpa.open-in-view to disable this warning
2026-06-11T21:45:56.400+05:30  INFO 22692 --- [forgeauth-server] [           main] r$InitializeUserDetailsManagerConfigurer : Global AuthenticationManager configured with UserDetailsService bean with name userDetailsService
2026-06-11T21:45:57.700+05:30  INFO 22692 --- [forgeauth-server] [           main] .i.s.PathMatchingResourcePatternResolver : Skipping search for files matching pattern [**/*.class]: directory [C:\Users\ganuk\Desktop\forgetAuth\backend\forgeauth-infrastructure\target\classes\com\forgeauth\server] does not exist
2026-06-11T21:45:57.701+05:30  INFO 22692 --- [forgeauth-server] [           main] .i.s.PathMatchingResourcePatternResolver : Skipping search for files matching pattern [**/*.class]: directory [C:\Users\ganuk\Desktop\forgetAuth\backend\forgeauth-domain\target\classes\com\forgeauth\server] does not exist
2026-06-11T21:45:57.702+05:30  INFO 22692 --- [forgeauth-server] [           main] .i.s.PathMatchingResourcePatternResolver : Skipping search for files matching pattern [**/*.class]: directory [C:\Users\ganuk\Desktop\forgetAuth\backend\forgeauth-common\target\classes\com\forgeauth\server] does not exist
2026-06-11T21:45:58.889+05:30  INFO 22692 --- [forgeauth-server] [           main] o.s.b.a.e.web.EndpointLinksResolver      : Exposing 2 endpoints beneath base path '/actuator'
2026-06-11T21:46:00.768+05:30  INFO 22692 --- [forgeauth-server] [           main] o.a.c.c.C.[Tomcat].[localhost].[/]       : Initializing Spring TestDispatcherServlet ''
2026-06-11T21:46:00.768+05:30  INFO 22692 --- [forgeauth-server] [           main] o.s.t.web.servlet.TestDispatcherServlet  : Initializing Servlet ''
2026-06-11T21:46:00.772+05:30  INFO 22692 --- [forgeauth-server] [           main] o.s.t.web.servlet.TestDispatcherServlet  : Completed initialization in 4 ms
2026-06-11T21:46:01.437+05:30  INFO 22692 --- [forgeauth-server] [           main] o.s.b.w.embedded.tomcat.TomcatWebServer  : Tomcat started on port 49832 (http) with context path '/'
2026-06-11T21:46:01.472+05:30  INFO 22692 --- [forgeauth-server] [           main] c.forgeauth.server.AuthIntegrationTest   : Started AuthIntegrationTest in 21.913 seconds (process running for 24.912)
2026-06-11T21:46:02.195+05:30  INFO 22692 --- [forgeauth-server] [           main] c.f.server.config.TestClientInitializer  : Registered test OAuth2 client: clientId='forgeauth-test-client', secret='test-secret'
2026-06-11T21:46:05.177+05:30  INFO 22692 --- [forgeauth-server] [           main] c.forgeauth.server.filter.AuditFilter    : AUDIT: POST /api/v1/auth/register - Status: 201 - IP: 127.0.0.1 - Duration: 1487ms
2026-06-11T21:46:05.745+05:30  INFO 22692 --- [forgeauth-server] [           main] c.forgeauth.server.filter.AuditFilter    : AUDIT: POST /api/v1/auth/login - Status: 401 - IP: 127.0.0.1 - Duration: 549ms
2026-06-11T21:46:06.230+05:30  INFO 22692 --- [forgeauth-server] [           main] c.forgeauth.server.filter.AuditFilter    : AUDIT: POST /api/v1/auth/login - Status: 401 - IP: 127.0.0.1 - Duration: 481ms
2026-06-11T21:46:06.718+05:30  INFO 22692 --- [forgeauth-server] [           main] c.forgeauth.server.filter.AuditFilter    : AUDIT: POST /api/v1/auth/login - Status: 401 - IP: 127.0.0.1 - Duration: 484ms
2026-06-11T21:46:07.218+05:30  INFO 22692 --- [forgeauth-server] [           main] c.forgeauth.server.filter.AuditFilter    : AUDIT: POST /api/v1/auth/login - Status: 401 - IP: 127.0.0.1 - Duration: 497ms
2026-06-11T21:46:07.701+05:30  INFO 22692 --- [forgeauth-server] [           main] c.forgeauth.server.filter.AuditFilter    : AUDIT: POST /api/v1/auth/login - Status: 401 - IP: 127.0.0.1 - Duration: 480ms
2026-06-11T21:46:07.712+05:30  INFO 22692 --- [forgeauth-server] [           main] c.forgeauth.server.filter.AuditFilter    : AUDIT: POST /api/v1/auth/login - Status: 401 - IP: 127.0.0.1 - Duration: 7ms
]]></system-out>
    <system-err><![CDATA[Docker environment not found. Falling back to H2 database: Could not find a valid Docker environment. Please see logs and check configuration
]]></system-err>
  </testcase>
  <testcase name="testAuthorizationCodeWithPkceFlow" classname="com.forgeauth.server.AuthIntegrationTest" time="1.097">
    <system-out><![CDATA[2026-06-11T21:46:08.349+05:30  INFO 22692 --- [forgeauth-server] [           main] c.forgeauth.server.filter.AuditFilter    : AUDIT: POST /api/v1/auth/register - Status: 201 - IP: 127.0.0.1 - Duration: 516ms
]]></system-out>
  </testcase>
  <testcase name="testOidcMetadataEndpoint" classname="com.forgeauth.server.AuthIntegrationTest" time="0.017"/>
  <testcase name="testAuthFlow" classname="com.forgeauth.server.AuthIntegrationTest" time="1.063">
    <system-out><![CDATA[2026-06-11T21:46:09.448+05:30  INFO 22692 --- [forgeauth-server] [           main] c.forgeauth.server.filter.AuditFilter    : AUDIT: POST /api/v1/auth/register - Status: 201 - IP: 127.0.0.1 - Duration: 499ms
2026-06-11T21:46:09.939+05:30  INFO 22692 --- [forgeauth-server] [           main] c.forgeauth.server.filter.AuditFilter    : AUDIT: POST /api/v1/auth/login - Status: 200 - IP: 127.0.0.1 - Duration: 488ms
2026-06-11T21:46:09.980+05:30  INFO 22692 --- [forgeauth-server] [           main] c.forgeauth.server.filter.AuditFilter    : AUDIT: POST /api/v1/auth/refresh - Status: 200 - IP: 127.0.0.1 - Duration: 35ms
2026-06-11T21:46:09.998+05:30  INFO 22692 --- [forgeauth-server] [           main] c.f.s.service.AuthApplicationService     : Session revoked for user: 3b03b106-54d1-4916-93d9-d9437892b0bd
2026-06-11T21:46:10.001+05:30  INFO 22692 --- [forgeauth-server] [           main] c.forgeauth.server.filter.AuditFilter    : AUDIT: POST /api/v1/auth/logout - Status: 204 - IP: 127.0.0.1 - Duration: 19ms
]]></system-out>
  </testcase>
</testsuite>